{"numTotalTestSuites":20,"numPassedTestSuites":18,"numFailedTestSuites":0,"numPendingTestSuites":2,"numTotalTests":125,"numPassedTests":119,"numFailedTests":0,"numPendingTests":2,"numTodoTests":4,"snapshot":{"added":0,"failure":false,"filesAdded":0,"filesRemoved":0,"filesRemovedList":[],"filesUnmatched":0,"filesUpdated":0,"matched":0,"total":0,"unchecked":0,"uncheckedKeysByFile":[],"unmatched":0,"updated":0,"didUpdate":false},"startTime":1746732921638,"success":true,"testResults":[{"assertionResults":[{"ancestorTitles":["operations"],"fullName":"operations concurrent","status":"passed","title":"concurrent","duration":4.500743,"failureMessages":[],"meta":{}},{"ancestorTitles":["operations"],"fullName":"operations concurrent","status":"passed","title":"concurrent","duration":3.584097999999983,"failureMessages":[],"meta":{}},{"ancestorTitles":["operations"],"fullName":"operations subtract 2 numbers","status":"passed","title":"subtract 2 numbers","duration":0.49495600000000195,"failureMessages":[],"meta":{}},{"ancestorTitles":["operations"],"fullName":"operations skip this test","status":"skipped","title":"skip this test","failureMessages":[],"meta":{}},{"ancestorTitles":["operations"],"fullName":"operations skip this test with conditional","status":"skipped","title":"skip this test with conditional","failureMessages":[],"meta":{}},{"ancestorTitles":["operations"],"fullName":"operations run this test with conditional","status":"passed","title":"run this test with conditional","duration":0.42158900000003996,"failureMessages":[],"meta":{}},{"ancestorTitles":["operations"],"fullName":"operations todo this test","status":"todo","title":"todo this test","failureMessages":[],"meta":{}},{"ancestorTitles":["operations"],"fullName":"operations each(1, 1) -> 2","status":"passed","title":"each(1, 1) -> 2","duration":0.7606210000000146,"failureMessages":[],"meta":{}},{"ancestorTitles":["operations"],"fullName":"operations each(1, 2) -> 3","status":"passed","title":"each(1, 2) -> 3","duration":0.25370500000002494,"failureMessages":[],"meta":{}},{"ancestorTitles":["operations"],"fullName":"operations each(2, 1) -> 3","status":"passed","title":"each(2, 1) -> 3","duration":0.4303249999999821,"failureMessages":[],"meta":{}},{"ancestorTitles":["operations"],"fullName":"operations each with obj(1, 1) -> 2","status":"passed","title":"each with obj(1, 1) -> 2","duration":0.29528800000002775,"failureMessages":[],"meta":{}},{"ancestorTitles":["operations"],"fullName":"operations each with obj(1, 2) -> 3","status":"passed","title":"each with obj(1, 2) -> 3","duration":0.6114570000000299,"failureMessages":[],"meta":{}},{"ancestorTitles":["operations"],"fullName":"operations each with obj(2, 1) -> 3","status":"passed","title":"each with obj(2, 1) -> 3","duration":0.2828959999999938,"failureMessages":[],"meta":{}}],"startTime":1746732924346,"endTime":1746732924354.6116,"status":"passed","message":"","name":"/home/user/react-testing-lib/src/tests/describe.test.ts"},{"assertionResults":[{"ancestorTitles":["expect api"],"fullName":"expect api soft test","status":"passed","title":"soft test","duration":2.1545260000000326,"failureMessages":[],"meta":{}},{"ancestorTitles":["expect api"],"fullName":"expect api not","status":"passed","title":"not","duration":0.954736999999966,"failureMessages":[],"meta":{}},{"ancestorTitles":["expect api"],"fullName":"expect api to be","status":"passed","title":"to be","duration":0.3167959999999539,"failureMessages":[],"meta":{}},{"ancestorTitles":["expect api"],"fullName":"expect api to be close to","status":"passed","title":"to be close to","duration":0.3859539999999697,"failureMessages":[],"meta":{}},{"ancestorTitles":["expect api"],"fullName":"expect api to be defined","status":"passed","title":"to be defined","duration":0.49334299999998166,"failureMessages":[],"meta":{}},{"ancestorTitles":["expect api"],"fullName":"expect api to be undefined","status":"passed","title":"to be undefined","duration":0.31908200000003717,"failureMessages":[],"meta":{}},{"ancestorTitles":["expect api"],"fullName":"expect api to be truthy","status":"passed","title":"to be truthy","duration":0.3730260000000385,"failureMessages":[],"meta":{}},{"ancestorTitles":["expect api"],"fullName":"expect api to be falsy","status":"passed","title":"to be falsy","duration":0.32692099999997026,"failureMessages":[],"meta":{}},{"ancestorTitles":["expect api"],"fullName":"expect api to be null","status":"passed","title":"to be null","duration":0.36722700000001396,"failureMessages":[],"meta":{}},{"ancestorTitles":["expect api"],"fullName":"expect api to be NaN","status":"passed","title":"to be NaN","duration":0.29705599999999777,"failureMessages":[],"meta":{}},{"ancestorTitles":["expect api"],"fullName":"expect api to be one of","status":"passed","title":"to be one of","duration":0.814122999999995,"failureMessages":[],"meta":{}},{"ancestorTitles":["expect api"],"fullName":"expect api to be type of","status":"passed","title":"to be type of","duration":0.3211369999999647,"failureMessages":[],"meta":{}},{"ancestorTitles":["expect api"],"fullName":"expect api to be instance of","status":"passed","title":"to be instance of","duration":0.3388739999999757,"failureMessages":[],"meta":{}},{"ancestorTitles":["expect api"],"fullName":"expect api to be greater than","status":"passed","title":"to be greater than","duration":0.6564089999999965,"failureMessages":[],"meta":{}},{"ancestorTitles":["expect api"],"fullName":"expect api to be less than","status":"passed","title":"to be less than","duration":0.2757400000000416,"failureMessages":[],"meta":{}},{"ancestorTitles":["expect api"],"fullName":"expect api to equal","status":"passed","title":"to equal","duration":0.7181980000000294,"failureMessages":[],"meta":{}},{"ancestorTitles":["expect api"],"fullName":"expect api to strict equal","status":"passed","title":"to strict equal","duration":0.6680979999999863,"failureMessages":[],"meta":{}},{"ancestorTitles":["expect api"],"fullName":"expect api to contain","status":"passed","title":"to contain","duration":1.0001700000000255,"failureMessages":[],"meta":{}},{"ancestorTitles":["expect api"],"fullName":"expect api to contain equal","status":"passed","title":"to contain equal","duration":0.30613999999997077,"failureMessages":[],"meta":{}},{"ancestorTitles":["expect api"],"fullName":"expect api to have length","status":"passed","title":"to have length","duration":1.7011850000000095,"failureMessages":[],"meta":{}},{"ancestorTitles":["expect api"],"fullName":"expect api to have property","status":"passed","title":"to have property","duration":0.507899000000009,"failureMessages":[],"meta":{}},{"ancestorTitles":["expect api"],"fullName":"expect api to match","status":"passed","title":"to match","duration":0.3783229999999662,"failureMessages":[],"meta":{}},{"ancestorTitles":["expect api"],"fullName":"expect api to match object","status":"passed","title":"to match object","duration":0.972774999999956,"failureMessages":[],"meta":{}},{"ancestorTitles":["expect api"],"fullName":"expect api to throw error","status":"passed","title":"to throw error","duration":1.0190409999999588,"failureMessages":[],"meta":{}},{"ancestorTitles":["expect api"],"fullName":"expect api to match snapshot","status":"todo","title":"to match snapshot","failureMessages":[],"meta":{}},{"ancestorTitles":["expect api"],"fullName":"expect api to have been called","status":"passed","title":"to have been called","duration":0.566502000000014,"failureMessages":[],"meta":{}},{"ancestorTitles":["expect api"],"fullName":"expect api to have been called n times","status":"passed","title":"to have been called n times","duration":0.22051199999998516,"failureMessages":[],"meta":{}},{"ancestorTitles":["expect api"],"fullName":"expect api to have been called with (params)","status":"passed","title":"to have been called with (params)","duration":0.5617260000000215,"failureMessages":[],"meta":{}},{"ancestorTitles":["expect api"],"fullName":"expect api to have been called before","status":"passed","title":"to have been called before","duration":0.3050379999999677,"failureMessages":[],"meta":{}},{"ancestorTitles":["expect api"],"fullName":"expect api to have been called after","status":"passed","title":"to have been called after","duration":0.20559700000001158,"failureMessages":[],"meta":{}},{"ancestorTitles":["expect api"],"fullName":"expect api to have been called exatly once with","status":"passed","title":"to have been called exatly once with","duration":0.3042610000000536,"failureMessages":[],"meta":{}},{"ancestorTitles":["expect api"],"fullName":"expect api to have been last called with","status":"passed","title":"to have been last called with","duration":0.3252939999999853,"failureMessages":[],"meta":{}},{"ancestorTitles":["expect api"],"fullName":"expect api to have been nth called with","status":"passed","title":"to have been nth called with","duration":0.28976799999998093,"failureMessages":[],"meta":{}},{"ancestorTitles":["expect api"],"fullName":"expect api to have returned","status":"passed","title":"to have returned","duration":0.2972740000000158,"failureMessages":[],"meta":{}},{"ancestorTitles":["expect api"],"fullName":"expect api to have returned n times","status":"passed","title":"to have returned n times","duration":0.23722800000001598,"failureMessages":[],"meta":{}},{"ancestorTitles":["expect api"],"fullName":"expect api to have returned with","status":"passed","title":"to have returned with","duration":0.2620729999999867,"failureMessages":[],"meta":{}},{"ancestorTitles":["expect api"],"fullName":"expect api to have nth returned with","status":"passed","title":"to have nth returned with","duration":0.26168100000001004,"failureMessages":[],"meta":{}},{"ancestorTitles":["expect api"],"fullName":"expect api to have resolved","status":"passed","title":"to have resolved","duration":0.39623399999999265,"failureMessages":[],"meta":{}},{"ancestorTitles":["expect api"],"fullName":"expect api to have resolved n times","status":"passed","title":"to have resolved n times","duration":0.323188000000016,"failureMessages":[],"meta":{}},{"ancestorTitles":["expect api"],"fullName":"expect api to have resolved with","status":"passed","title":"to have resolved with","duration":0.4236539999999991,"failureMessages":[],"meta":{}},{"ancestorTitles":["expect api"],"fullName":"expect api to have last resolved with","status":"passed","title":"to have last resolved with","duration":0.33608300000003055,"failureMessages":[],"meta":{}},{"ancestorTitles":["expect api"],"fullName":"expect api to have nth resolved with","status":"passed","title":"to have nth resolved with","duration":0.3554980000000114,"failureMessages":[],"meta":{}},{"ancestorTitles":["expect api"],"fullName":"expect api to satisfy","status":"passed","title":"to satisfy","duration":0.24749600000001237,"failureMessages":[],"meta":{}},{"ancestorTitles":["expect api"],"fullName":"expect api resolves","status":"passed","title":"resolves","duration":1.0072400000000243,"failureMessages":[],"meta":{}},{"ancestorTitles":["expect api"],"fullName":"expect api expect anything","status":"passed","title":"expect anything","duration":0.40801500000003443,"failureMessages":[],"meta":{}},{"ancestorTitles":["expect api"],"fullName":"expect api expect anything","status":"passed","title":"expect anything","duration":0.3185020000000236,"failureMessages":[],"meta":{}},{"ancestorTitles":["expect api"],"fullName":"expect api expect any","status":"passed","title":"expect any","duration":0.31378200000000334,"failureMessages":[],"meta":{}}],"startTime":1746732922107,"endTime":1746732922131.408,"status":"passed","message":"","name":"/home/user/react-testing-lib/src/tests/expect.test.ts"},{"assertionResults":[{"ancestorTitles":["expect type of"],"fullName":"expect type of to equal type of","status":"passed","title":"to equal type of","duration":1.5584350000000313,"failureMessages":[],"meta":{}},{"ancestorTitles":["expect type of"],"fullName":"expect type of to match type of","status":"passed","title":"to match type of","duration":0.20371399999999085,"failureMessages":[],"meta":{}},{"ancestorTitles":["expect type of"],"fullName":"expect type of returns","status":"passed","title":"returns","duration":0.19735500000001593,"failureMessages":[],"meta":{}},{"ancestorTitles":["expect type of"],"fullName":"expect type of parameter","status":"passed","title":"parameter","duration":0.3221959999999626,"failureMessages":[],"meta":{}},{"ancestorTitles":["expect type of"],"fullName":"expect type of instance","status":"passed","title":"instance","duration":0.6679940000000215,"failureMessages":[],"meta":{}},{"ancestorTitles":["expect type of"],"fullName":"expect type of items","status":"passed","title":"items","duration":0.3478670000000079,"failureMessages":[],"meta":{}},{"ancestorTitles":["expect type of"],"fullName":"expect type of to be any","status":"passed","title":"to be any","duration":0.22692200000000184,"failureMessages":[],"meta":{}},{"ancestorTitles":["expect type of"],"fullName":"expect type of to be unknown","status":"passed","title":"to be unknown","duration":0.3349890000000073,"failureMessages":[],"meta":{}},{"ancestorTitles":["expect type of"],"fullName":"expect type of to be never","status":"passed","title":"to be never","duration":0.3356560000000286,"failureMessages":[],"meta":{}},{"ancestorTitles":["expect type of"],"fullName":"expect type of to be function","status":"passed","title":"to be function","duration":0.1626850000000104,"failureMessages":[],"meta":{}},{"ancestorTitles":["expect type of"],"fullName":"expect type of to be object","status":"passed","title":"to be object","duration":0.10414900000000671,"failureMessages":[],"meta":{}},{"ancestorTitles":["expect type of"],"fullName":"expect type of to be array","status":"passed","title":"to be array","duration":0.10702900000001137,"failureMessages":[],"meta":{}},{"ancestorTitles":["expect type of"],"fullName":"expect type of to be string","status":"passed","title":"to be string","duration":0.08229400000004716,"failureMessages":[],"meta":{}},{"ancestorTitles":["expect type of"],"fullName":"expect type of to be boolean","status":"passed","title":"to be boolean","duration":0.49939299999999776,"failureMessages":[],"meta":{}},{"ancestorTitles":["expect type of"],"fullName":"expect type of to be void","status":"passed","title":"to be void","duration":0.15950800000001664,"failureMessages":[],"meta":{}},{"ancestorTitles":["expect type of"],"fullName":"expect type of to be symbol","status":"passed","title":"to be symbol","duration":0.16919899999999188,"failureMessages":[],"meta":{}},{"ancestorTitles":["expect type of"],"fullName":"expect type of to be null","status":"passed","title":"to be null","duration":0.08900900000003276,"failureMessages":[],"meta":{}},{"ancestorTitles":["expect type of"],"fullName":"expect type of to be undefined","status":"passed","title":"to be undefined","duration":0.07624400000003106,"failureMessages":[],"meta":{}},{"ancestorTitles":["expect type of"],"fullName":"expect type of to be nullable","status":"passed","title":"to be nullable","duration":0.06566700000001902,"failureMessages":[],"meta":{}},{"ancestorTitles":["expect type of"],"fullName":"expect type of to be callable with","status":"passed","title":"to be callable with","duration":0.1740389999999934,"failureMessages":[],"meta":{}},{"ancestorTitles":["expect type of"],"fullName":"expect type of to have property","status":"passed","title":"to have property","duration":0.24718899999999167,"failureMessages":[],"meta":{}},{"ancestorTitles":["expect type of"],"fullName":"expect type of assert","status":"passed","title":"assert","duration":0.5111420000000066,"failureMessages":[],"meta":{}}],"startTime":1746732923862,"endTime":1746732923868.5112,"status":"passed","message":"","name":"/home/user/react-testing-lib/src/tests/expectTypeOf.test.ts"},{"assertionResults":[{"ancestorTitles":["testing hooks"],"fullName":"testing hooks testing hooks","status":"passed","title":"testing hooks","duration":6.812071000000003,"failureMessages":[],"meta":{}}],"startTime":1746732925053,"endTime":1746732925059.812,"status":"passed","message":"","name":"/home/user/react-testing-lib/src/tests/hooks.test.ts"},{"assertionResults":[{"ancestorTitles":["mock functions"],"fullName":"mock functions get mock name","status":"passed","title":"get mock name","duration":2.2881949999999733,"failureMessages":[],"meta":{}},{"ancestorTitles":["mock functions"],"fullName":"mock functions get mock implementation","status":"passed","title":"get mock implementation","duration":0.3415469999999914,"failureMessages":[],"meta":{}},{"ancestorTitles":["mock functions"],"fullName":"mock functions mock once","status":"passed","title":"mock once","duration":0.4805589999999711,"failureMessages":[],"meta":{}},{"ancestorTitles":["mock functions"],"fullName":"mock functions is receiving attributes","status":"passed","title":"is receiving attributes","duration":1.0838730000000396,"failureMessages":[],"meta":{}},{"ancestorTitles":["mock functions"],"fullName":"mock functions is returning result","status":"passed","title":"is returning result","duration":0.46550300000001243,"failureMessages":[],"meta":{}},{"ancestorTitles":["mock functions"],"fullName":"mock functions temporary mock","status":"passed","title":"temporary mock","duration":0.3918990000000804,"failureMessages":[],"meta":{}},{"ancestorTitles":["mock functions"],"fullName":"mock functions reject value","status":"passed","title":"reject value","duration":14.54082900000003,"failureMessages":[],"meta":{}},{"ancestorTitles":["mock functions"],"fullName":"mock functions reject value once","status":"passed","title":"reject value once","duration":4.20488899999998,"failureMessages":[],"meta":{}},{"ancestorTitles":["mock functions"],"fullName":"mock functions resolve value","status":"passed","title":"resolve value","duration":3.4716789999999946,"failureMessages":[],"meta":{}},{"ancestorTitles":["mock functions"],"fullName":"mock functions resolve value once","status":"passed","title":"resolve value once","duration":2.920844000000102,"failureMessages":[],"meta":{}},{"ancestorTitles":["mock functions"],"fullName":"mock functions clear mock","status":"passed","title":"clear mock","duration":0.8921990000000051,"failureMessages":[],"meta":{}},{"ancestorTitles":["mock functions"],"fullName":"mock functions reset mock","status":"passed","title":"reset mock","duration":0.5597690000000739,"failureMessages":[],"meta":{}},{"ancestorTitles":["mock functions"],"fullName":"mock functions restore mock","status":"passed","title":"restore mock","duration":0.21894200000008368,"failureMessages":[],"meta":{}},{"ancestorTitles":["mock functions"],"fullName":"mock functions return this","status":"passed","title":"return this","duration":0.5462380000000167,"failureMessages":[],"meta":{}},{"ancestorTitles":["mock functions"],"fullName":"mock functions mock return value","status":"passed","title":"mock return value","duration":0.38471900000001824,"failureMessages":[],"meta":{}},{"ancestorTitles":["mock functions"],"fullName":"mock functions mock return value once","status":"passed","title":"mock return value once","duration":0.44741399999998066,"failureMessages":[],"meta":{}},{"ancestorTitles":["mock functions"],"fullName":"mock functions list calls","status":"passed","title":"list calls","duration":0.17542100000002847,"failureMessages":[],"meta":{}},{"ancestorTitles":["mock functions"],"fullName":"mock functions get last call","status":"passed","title":"get last call","duration":0.23889600000006794,"failureMessages":[],"meta":{}},{"ancestorTitles":["mock functions"],"fullName":"mock functions get results","status":"passed","title":"get results","duration":0.1528130000000374,"failureMessages":[],"meta":{}},{"ancestorTitles":["mock functions"],"fullName":"mock functions get settled results","status":"passed","title":"get settled results","duration":0.3957510000000184,"failureMessages":[],"meta":{}}],"startTime":1746732923495,"endTime":1746732923529.3958,"status":"passed","message":"","name":"/home/user/react-testing-lib/src/tests/mock.test.ts"},{"assertionResults":[{"ancestorTitles":["testing setup"],"fullName":"testing setup run test","status":"passed","title":"run test","duration":3.7576990000000023,"failureMessages":[],"meta":{}}],"startTime":1746732924694,"endTime":1746732924697.7578,"status":"passed","message":"","name":"/home/user/react-testing-lib/src/tests/setup.test.ts"},{"assertionResults":[{"ancestorTitles":["vi utilities","mock functions and objects"],"fullName":"vi utilities mock functions and objects check is mock fn","status":"passed","title":"check is mock fn","duration":3.3783030000000736,"failureMessages":[],"meta":{}},{"ancestorTitles":["vi utilities","mock functions and objects"],"fullName":"vi utilities mock functions and objects mock env variables","status":"passed","title":"mock env variables","duration":0.5990789999999606,"failureMessages":[],"meta":{}},{"ancestorTitles":["vi utilities","mock functions and objects"],"fullName":"vi utilities mock functions and objects unmock env variables","status":"passed","title":"unmock env variables","duration":0.607625999999982,"failureMessages":[],"meta":{}},{"ancestorTitles":["vi utilities","mock functions and objects"],"fullName":"vi utilities mock functions and objects mock global variables","status":"passed","title":"mock global variables","duration":0.5130079999998998,"failureMessages":[],"meta":{}},{"ancestorTitles":["vi utilities","mock functions and objects"],"fullName":"vi utilities mock functions and objects unmock global variables","status":"passed","title":"unmock global variables","duration":0.8620109999999386,"failureMessages":[],"meta":{}},{"ancestorTitles":["vi utilities","fake timers"],"fullName":"vi utilities fake timers use fake timers","status":"passed","title":"use fake timers","duration":3.16561200000001,"failureMessages":[],"meta":{}},{"ancestorTitles":["vi utilities","fake timers"],"fullName":"vi utilities fake timers use real timers","status":"passed","title":"use real timers","duration":0.7616360000000668,"failureMessages":[],"meta":{}},{"ancestorTitles":["vi utilities","fake timers"],"fullName":"vi utilities fake timers get all timer count","status":"passed","title":"get all timer count","duration":1.4840310000000727,"failureMessages":[],"meta":{}},{"ancestorTitles":["vi utilities","fake timers"],"fullName":"vi utilities fake timers set system time for fake timers","status":"passed","title":"set system time for fake timers","duration":1.6691510000000562,"failureMessages":[],"meta":{}},{"ancestorTitles":["vi utilities","fake timers"],"fullName":"vi utilities fake timers clear all timers","status":"passed","title":"clear all timers","duration":0.5758420000000797,"failureMessages":[],"meta":{}},{"ancestorTitles":["vi utilities","fake timers"],"fullName":"vi utilities fake timers get mocked sysTime","status":"passed","title":"get mocked sysTime","duration":0.4688570000000709,"failureMessages":[],"meta":{}},{"ancestorTitles":["vi utilities","fake timers"],"fullName":"vi utilities fake timers get real sysTime","status":"todo","title":"get real sysTime","failureMessages":[],"meta":{}},{"ancestorTitles":["vi utilities","fake timers"],"fullName":"vi utilities fake timers run all next Tick task queue","status":"passed","title":"run all next Tick task queue","duration":0.369961000000103,"failureMessages":[],"meta":{}},{"ancestorTitles":["vi utilities","fake timers"],"fullName":"vi utilities fake timers run all next Tick task queue","status":"passed","title":"run all next Tick task queue","duration":0.9046080000000529,"failureMessages":[],"meta":{}},{"ancestorTitles":["vi utilities","fake timers"],"fullName":"vi utilities fake timers run all pending timers after fakeTimer is initiated","status":"passed","title":"run all pending timers after fakeTimer is initiated","duration":0.9014690000000201,"failureMessages":[],"meta":{}},{"ancestorTitles":["vi utilities","fake timers"],"fullName":"vi utilities fake timers advance timers by time","status":"passed","title":"advance timers by time","duration":1.3765690000000177,"failureMessages":[],"meta":{}},{"ancestorTitles":["vi utilities","fake timers"],"fullName":"vi utilities fake timers advance timers to next timer","status":"passed","title":"advance timers to next timer","duration":2.3680449999999382,"failureMessages":[],"meta":{}},{"ancestorTitles":["vi utilities","fake timers"],"fullName":"vi utilities fake timers advance timers to next timer","status":"passed","title":"advance timers to next timer","duration":1.2889310000000478,"failureMessages":[],"meta":{}},{"ancestorTitles":["vi utilities","miscellaneous"],"fullName":"vi utilities miscellaneous wait for it","status":"todo","title":"wait for it","failureMessages":[],"meta":{}},{"ancestorTitles":["vi utilities","miscellaneous"],"fullName":"vi utilities miscellaneous wait for it until","status":"passed","title":"wait for it until","duration":0.8272269999999935,"failureMessages":[],"meta":{}},{"ancestorTitles":["vi utilities","miscellaneous"],"fullName":"vi utilities miscellaneous hoisting methods","status":"passed","title":"hoisting methods","duration":0.15758800000003248,"failureMessages":[],"meta":{}}],"startTime":1746732922799,"endTime":1746732922823.1575,"status":"passed","message":"","name":"/home/user/react-testing-lib/src/tests/vi.test.ts"},{"assertionResults":[],"startTime":1746732921638,"endTime":1746732921638,"status":"passed","message":"","name":"/home/user/react-testing-lib/src/components/Button/Button.test.ts"}]}