{"/home/user/react-testing-lib/src/App.tsx": {"path":"/home/user/react-testing-lib/src/App.tsx","all":true,"statementMap":{"0":{"start":{"line":1,"column":0},"end":{"line":1,"column":16}},"1":{"start":{"line":2,"column":0},"end":{"line":2,"column":10}},"2":{"start":{"line":3,"column":0},"end":{"line":3,"column":6}},"4":{"start":{"line":5,"column":0},"end":{"line":5,"column":7}},"6":{"start":{"line":7,"column":0},"end":{"line":7,"column":1}},"8":{"start":{"line":9,"column":0},"end":{"line":9,"column":18}}},"s":{"0":0,"1":0,"2":0,"4":0,"6":0,"8":0},"branchMap":{"0":{"type":"branch","line":1,"loc":{"start":{"line":1,"column":75},"end":{"line":9,"column":18}},"locations":[{"start":{"line":1,"column":75},"end":{"line":9,"column":18}}]}},"b":{"0":[0]},"fnMap":{"0":{"name":"(empty-report)","decl":{"start":{"line":1,"column":75},"end":{"line":9,"column":18}},"loc":{"start":{"line":1,"column":75},"end":{"line":9,"column":18}},"line":1}},"f":{"0":0}}
,"/home/user/react-testing-lib/src/main.tsx": {"path":"/home/user/react-testing-lib/src/main.tsx","all":true,"statementMap":{"0":{"start":{"line":1,"column":0},"end":{"line":1,"column":34}},"1":{"start":{"line":2,"column":0},"end":{"line":2,"column":45}},"2":{"start":{"line":3,"column":0},"end":{"line":3,"column":20}},"3":{"start":{"line":4,"column":0},"end":{"line":4,"column":27}},"5":{"start":{"line":6,"column":0},"end":{"line":6,"column":52}},"6":{"start":{"line":7,"column":0},"end":{"line":7,"column":14}},"7":{"start":{"line":8,"column":0},"end":{"line":8,"column":11}},"8":{"start":{"line":9,"column":0},"end":{"line":9,"column":16}},"9":{"start":{"line":10,"column":0},"end":{"line":10,"column":1}}},"s":{"0":0,"1":0,"2":0,"3":0,"5":0,"6":0,"7":0,"8":0,"9":0},"branchMap":{"0":{"type":"branch","line":1,"loc":{"start":{"line":1,"column":203},"end":{"line":10,"column":-148}},"locations":[{"start":{"line":1,"column":203},"end":{"line":10,"column":-148}}]}},"b":{"0":[0]},"fnMap":{"0":{"name":"(empty-report)","decl":{"start":{"line":1,"column":203},"end":{"line":10,"column":-148}},"loc":{"start":{"line":1,"column":203},"end":{"line":10,"column":-148}},"line":1}},"f":{"0":0}}
,"/home/user/react-testing-lib/src/components/Button/Button.tsx": {"path":"/home/user/react-testing-lib/src/components/Button/Button.tsx","all":true,"statementMap":{"7":{"start":{"line":8,"column":0},"end":{"line":8,"column":63}},"8":{"start":{"line":9,"column":0},"end":{"line":9,"column":12}},"9":{"start":{"line":10,"column":0},"end":{"line":10,"column":28}},"10":{"start":{"line":11,"column":0},"end":{"line":11,"column":22}},"11":{"start":{"line":12,"column":0},"end":{"line":12,"column":17}},"13":{"start":{"line":14,"column":0},"end":{"line":14,"column":2}},"15":{"start":{"line":16,"column":0},"end":{"line":16,"column":21}}},"s":{"7":0,"8":0,"9":0,"10":0,"11":0,"13":0,"15":0},"branchMap":{"0":{"type":"branch","line":1,"loc":{"start":{"line":1,"column":346},"end":{"line":16,"column":21}},"locations":[{"start":{"line":1,"column":346},"end":{"line":16,"column":21}}]}},"b":{"0":[1]},"fnMap":{"0":{"name":"(empty-report)","decl":{"start":{"line":1,"column":346},"end":{"line":16,"column":21}},"loc":{"start":{"line":1,"column":346},"end":{"line":16,"column":21}},"line":1}},"f":{"0":1}}
}
